[debug] [2018-03-18T09:27:12.064Z] ----------------------------------------------------------------------
[debug] [2018-03-18T09:27:12.066Z] Command:       C:\Program Files\nodejs\node.exe C:\Users\beer\AppData\Roaming\npm\node_modules\firebase-tools\bin\firebase serve --only functions
[debug] [2018-03-18T09:27:12.066Z] CLI Version:   3.17.6
[debug] [2018-03-18T09:27:12.066Z] Platform:      win32
[debug] [2018-03-18T09:27:12.066Z] Node Version:  v8.9.4
[debug] [2018-03-18T09:27:12.067Z] Time:          Sun Mar 18 2018 16:27:12 GMT+0700 (SE Asia Standard Time)
[debug] [2018-03-18T09:27:12.067Z] ----------------------------------------------------------------------
[debug] 
[debug] [2018-03-18T09:27:12.080Z] > command requires scopes: ["email","openid","https://www.googleapis.com/auth/cloudplatformprojects.readonly","https://www.googleapis.com/auth/firebase","https://www.googleapis.com/auth/cloud-platform"]
[debug] [2018-03-18T09:27:12.081Z] > authorizing via signed-in user
[debug] [2018-03-18T09:27:12.083Z] >>> HTTP REQUEST GET https://admin.firebase.com/v1/projects/midtermselect  
  
 Sun Mar 18 2018 16:27:12 GMT+0700 (SE Asia Standard Time)
[debug] [2018-03-18T09:27:13.240Z] <<< HTTP RESPONSE 200
[debug] [2018-03-18T09:27:13.242Z] >>> HTTP REQUEST GET https://admin.firebase.com/v1/database/midtermselect/tokens  
  
 Sun Mar 18 2018 16:27:13 GMT+0700 (SE Asia Standard Time)
[debug] [2018-03-18T09:27:14.402Z] <<< HTTP RESPONSE 200
[debug] [2018-03-18T09:27:14.404Z] >>> HTTP REQUEST GET https://cloudresourcemanager.googleapis.com/v1/projects/midtermselect  
  
 Sun Mar 18 2018 16:27:14 GMT+0700 (SE Asia Standard Time)
[debug] [2018-03-18T09:27:15.726Z] <<< HTTP RESPONSE 200
[info] 
[info] === Serving from 'C:\Users\beer\Desktop\midtem\backend'...
[info] 
[info] i  functions: Preparing to emulate functions.
[debug] [2018-03-18T09:27:25.720Z] Fetching environment
[debug] [2018-03-18T09:27:25.743Z] >>> HTTP REQUEST GET https://mobilesdk-pa.googleapis.com/v1/projects/613631582566:getServerAppConfig  
  
 Sun Mar 18 2018 16:27:25 GMT+0700 (SE Asia Standard Time)
[debug] [2018-03-18T09:27:26.588Z] <<< HTTP RESPONSE 200
[debug] [2018-03-18T09:27:26.589Z] Starting @google-cloud/functions-emulator
[debug] [2018-03-18T09:27:31.828Z] Parsing function triggers
[info] +  functions: apiUrl: http://localhost:5000/midtermselect/us-central1/apiUrl
[debug] [2018-03-20T03:18:06.813Z] ----------------------------------------------------------------------
[debug] [2018-03-20T03:18:06.813Z] Command:       C:\Program Files\nodejs\node.exe C:\Users\Admin\AppData\Roaming\npm\node_modules\firebase-tools\bin\firebase serve --only functions
[debug] [2018-03-20T03:18:06.813Z] CLI Version:   3.17.6
[debug] [2018-03-20T03:18:06.813Z] Platform:      win32
[debug] [2018-03-20T03:18:06.813Z] Node Version:  v8.10.0
[debug] [2018-03-20T03:18:06.813Z] Time:          Tue Mar 20 2018 10:18:06 GMT+0700 (SE Asia Standard Time)
[debug] [2018-03-20T03:18:06.813Z] ----------------------------------------------------------------------
[debug] 
[debug] [2018-03-20T03:18:06.861Z] > command requires scopes: ["email","openid","https://www.googleapis.com/auth/cloudplatformprojects.readonly","https://www.googleapis.com/auth/firebase","https://www.googleapis.com/auth/cloud-platform"]
[debug] [2018-03-20T03:18:06.861Z] > authorizing via signed-in user
[debug] [2018-03-20T03:18:06.877Z] > refreshing access token with scopes: ["email","https://www.googleapis.com/auth/cloud-platform","https://www.googleapis.com/auth/cloudplatformprojects.readonly","https://www.googleapis.com/auth/firebase","openid"]
[debug] [2018-03-20T03:18:06.877Z] >>> HTTP REQUEST POST https://www.googleapis.com/oauth2/v3/token  
 { refresh_token: '1/gB0Rcyn9AYT9qfjMHb3s_8pF6KmUjEdeOd48YX326gs',
  client_id: '563584335869-fgrhgmd47bqnekij5i8b5pr03ho849e6.apps.googleusercontent.com',
  client_secret: 'j9iVZfS8kkCEFUPaAeJV0sAi',
  grant_type: 'refresh_token',
  scope: 'email https://www.googleapis.com/auth/cloud-platform https://www.googleapis.com/auth/cloudplatformprojects.readonly https://www.googleapis.com/auth/firebase openid' } 
 Tue Mar 20 2018 10:18:06 GMT+0700 (SE Asia Standard Time)
[debug] [2018-03-20T03:18:07.440Z] <<< HTTP RESPONSE 200
[debug] [2018-03-20T03:18:07.471Z] >>> HTTP REQUEST GET https://admin.firebase.com/v1/projects/midtermselect  
  
 Tue Mar 20 2018 10:18:07 GMT+0700 (SE Asia Standard Time)
[debug] [2018-03-20T03:18:08.549Z] <<< HTTP RESPONSE 200
[debug] [2018-03-20T03:18:08.549Z] >>> HTTP REQUEST GET https://admin.firebase.com/v1/database/midtermselect/tokens  
  
 Tue Mar 20 2018 10:18:08 GMT+0700 (SE Asia Standard Time)
[debug] [2018-03-20T03:18:09.488Z] <<< HTTP RESPONSE 200
[debug] [2018-03-20T03:18:09.488Z] >>> HTTP REQUEST GET https://cloudresourcemanager.googleapis.com/v1/projects/midtermselect  
  
 Tue Mar 20 2018 10:18:09 GMT+0700 (SE Asia Standard Time)
[debug] [2018-03-20T03:18:10.847Z] <<< HTTP RESPONSE 200
[info] 
[info] === Serving from 'C:\Users\Admin\Desktop\5606021621048\midterm-backends'...
[info] 
[info] i  functions: Preparing to emulate functions.
[debug] [2018-03-20T03:18:18.222Z] Fetching environment
[debug] [2018-03-20T03:18:18.238Z] >>> HTTP REQUEST GET https://mobilesdk-pa.googleapis.com/v1/projects/613631582566:getServerAppConfig  
  
 Tue Mar 20 2018 10:18:18 GMT+0700 (SE Asia Standard Time)
[debug] [2018-03-20T03:18:19.020Z] <<< HTTP RESPONSE 200
[debug] [2018-03-20T03:18:19.020Z] Starting @google-cloud/functions-emulator
[debug] [2018-03-20T03:18:23.741Z] Parsing function triggers
[info] +  functions: apiUrl: http://localhost:5000/midtermselect/us-central1/apiUrl
