[debug] [2018-03-18T09:26:04.868Z] ----------------------------------------------------------------------
[debug] [2018-03-18T09:26:04.870Z] Command:       C:\Program Files\nodejs\node.exe C:\Users\beer\AppData\Roaming\npm\node_modules\firebase-tools\bin\firebase serve
[debug] [2018-03-18T09:26:04.871Z] CLI Version:   3.17.6
[debug] [2018-03-18T09:26:04.871Z] Platform:      win32
[debug] [2018-03-18T09:26:04.871Z] Node Version:  v8.9.4
[debug] [2018-03-18T09:26:04.871Z] Time:          Sun Mar 18 2018 16:26:04 GMT+0700 (SE Asia Standard Time)
[debug] [2018-03-18T09:26:04.871Z] ----------------------------------------------------------------------
[debug] 
[debug] [2018-03-18T09:26:04.884Z] > command requires scopes: ["email","openid","https://www.googleapis.com/auth/cloudplatformprojects.readonly","https://www.googleapis.com/auth/firebase","https://www.googleapis.com/auth/cloud-platform"]
[debug] [2018-03-18T09:26:04.884Z] > authorizing via signed-in user
[debug] [2018-03-18T09:26:04.886Z] > refreshing access token with scopes: ["email","https://www.googleapis.com/auth/cloud-platform","https://www.googleapis.com/auth/cloudplatformprojects.readonly","https://www.googleapis.com/auth/firebase","openid"]
[debug] [2018-03-18T09:26:04.887Z] >>> HTTP REQUEST POST https://www.googleapis.com/oauth2/v3/token  
 { refresh_token: '1/2p-rr-2cqc5qhhQyDWQbcV1kmPcaW363Fa-yel8V7w4PxLNL8F2ASnBNGyvLrPUq',
  client_id: '563584335869-fgrhgmd47bqnekij5i8b5pr03ho849e6.apps.googleusercontent.com',
  client_secret: 'j9iVZfS8kkCEFUPaAeJV0sAi',
  grant_type: 'refresh_token',
  scope: 'email https://www.googleapis.com/auth/cloud-platform https://www.googleapis.com/auth/cloudplatformprojects.readonly https://www.googleapis.com/auth/firebase openid' } 
 Sun Mar 18 2018 16:26:04 GMT+0700 (SE Asia Standard Time)
[debug] [2018-03-18T09:26:05.260Z] <<< HTTP RESPONSE 200
[debug] [2018-03-18T09:26:05.304Z] >>> HTTP REQUEST GET https://admin.firebase.com/v1/projects/midtermselect  
  
 Sun Mar 18 2018 16:26:05 GMT+0700 (SE Asia Standard Time)
[debug] [2018-03-18T09:26:06.642Z] <<< HTTP RESPONSE 200
[debug] [2018-03-18T09:26:06.644Z] >>> HTTP REQUEST GET https://admin.firebase.com/v1/database/midtermselect/tokens  
  
 Sun Mar 18 2018 16:26:06 GMT+0700 (SE Asia Standard Time)
[debug] [2018-03-18T09:26:07.754Z] <<< HTTP RESPONSE 200
[debug] [2018-03-18T09:26:07.755Z] >>> HTTP REQUEST GET https://cloudresourcemanager.googleapis.com/v1/projects/midtermselect  
  
 Sun Mar 18 2018 16:26:07 GMT+0700 (SE Asia Standard Time)
[debug] [2018-03-18T09:26:09.064Z] <<< HTTP RESPONSE 200
[info] 
[info] === Serving from 'C:\Users\beer\Desktop\midtem\backend'...
[info] 
[debug] [2018-03-18T09:26:09.072Z] >>> HTTP REQUEST GET https://mobilesdk-pa.googleapis.com/v1/projects/613631582566/clients/_:getWebAppConfig  
  
 Sun Mar 18 2018 16:26:09 GMT+0700 (SE Asia Standard Time)
[debug] [2018-03-18T09:26:10.058Z] <<< HTTP RESPONSE 200
[debug] [2018-03-18T09:26:10.226Z] TypeError: Cannot read property 'public' of undefined
    at Server.<anonymous> (C:\Users\beer\AppData\Roaming\npm\node_modules\firebase-tools\lib\serve\hosting.js:34:18)
    at Object.onceWrapper (events.js:313:30)
    at emitNone (events.js:106:13)
    at Server.emit (events.js:208:7)
    at emitListeningNT (net.js:1378:10)
    at _combinedTickCallback (internal/process/next_tick.js:135:11)
    at process._tickDomainCallback (internal/process/next_tick.js:218:9)
[error] 
[error] Error: An unexpected error has occurred.
